<?xml version="1.0" encoding="UTF-8"?>
<!-- Generated by org.testng.reporters.JUnitXMLReporter -->
<testsuite ignored="1" hostname="HAIDAR" failures="0" tests="2" name="Device2" time="53.775" errors="0" timestamp="2025-06-30T17:08:41 IST">
  <testcase classname="haidaraliappium.GetGeoLocationTest" name="getGeoLocationTest" time="10.838"/>
  <testcase classname="haidaraliappium.LogoutTest" name="logoutTestCase" time="5.839"/>
  <testcase classname="haidaraliappium.LoginTest" name="loginTestCase" time="0.0">
    <ignored/>
  </testcase> <!-- loginTestCase -->
</testsuite> <!-- Device2 -->
