<?xml version="1.0" encoding="UTF-8"?>
<!-- Generated by org.testng.reporters.JUnitXMLReporter -->
<testsuite ignored="2" hostname="HAIDAR" failures="0" tests="1" name="Device1" time="42.468" errors="0" timestamp="2025-06-30T17:08:30 IST">
  <testcase classname="haidaraliappium.GetGeoLocationTest" name="getGeoLocationTest" time="11.957"/>
  <testcase classname="haidaraliappium.LoginTest" name="loginTestCase" time="0.0">
    <ignored/>
  </testcase> <!-- loginTestCase -->
  <testcase classname="haidaraliappium.AddProductIntoCart" name="addProductTest" time="0.0">
    <ignored/>
  </testcase> <!-- addProductTest -->
</testsuite> <!-- Device1 -->
