<?xml version="1.0" encoding="UTF-8"?>
<!-- Generated by org.testng.reporters.JUnitXMLReporter -->
<testsuite ignored="1" hostname="HAIDAR" failures="0" tests="1" name="Default test" time="41.814" errors="0" timestamp="2025-06-28T16:24:34 IST">
  <testcase classname="haidaraliappium.AppiumNewBasics" name="loginTest" time="41.778"/>
  <testcase classname="haidaraliappium.AppiumNewBasics" name="geoLocationTest" time="0.0">
    <ignored/>
  </testcase> <!-- geoLocationTest -->
</testsuite> <!-- Default test -->
