<?xml version="1.0" encoding="UTF-8"?>
<!-- Generated by org.testng.reporters.JUnitXMLReporter -->
<testsuite ignored="0" hostname="HAIDAR" failures="0" tests="3" name="Device2" time="56.363" errors="0" timestamp="2025-06-28T17:00:38 IST">
  <testcase classname="haidaraliappium.LoginTest" name="loginTestCase" time="5.697"/>
  <testcase classname="haidaraliappium.GetGeoLocationTest" name="getGeoLocationTest" time="9.59"/>
  <testcase classname="haidaraliappium.LoginOutTest" name="logoutTestCase" time="9.831"/>
</testsuite> <!-- Device2 -->
