<?xml version="1.0" encoding="UTF-8"?>
<!-- Generated by org.testng.reporters.JUnitXMLReporter -->
<testsuite ignored="0" hostname="HAIDAR" failures="0" tests="3" name="Device1" time="89.629" errors="0" timestamp="2025-06-28T17:01:12 IST">
  <testcase classname="haidaraliappium.LoginTest" name="loginTestCase" time="6.114"/>
  <testcase classname="haidaraliappium.GetGeoLocationTest" name="getGeoLocationTest" time="9.876"/>
  <testcase classname="haidaraliappium.AddProductIntoCart" name="addProductTest" time="40.659"/>
</testsuite> <!-- Device1 -->
