<?xml version="1.0" encoding="UTF-8"?>
<testng-results ignored="0" total="3" passed="3" failed="0" skipped="0">
  <reporter-output>
  </reporter-output>
  <suite started-at="2025-06-30T17:07:47 IST" name="Parallel Appium Tests" finished-at="2025-06-30T17:08:41 IST" duration-ms="53775">
    <groups>
      <group name="regression">
        <method signature="GetGeoLocationTest.getGeoLocationTest()[pri:0, instance:haidaraliappium.GetGeoLocationTest@79e2c065]" name="getGeoLocationTest" class="haidaraliappium.GetGeoLocationTest"/>
        <method signature="GetGeoLocationTest.getGeoLocationTest()[pri:0, instance:haidaraliappium.GetGeoLocationTest@459e9125]" name="getGeoLocationTest" class="haidaraliappium.GetGeoLocationTest"/>
      </group> <!-- regression -->
      <group name="smoke">
        <method signature="GetGeoLocationTest.getGeoLocationTest()[pri:0, instance:haidaraliappium.GetGeoLocationTest@79e2c065]" name="getGeoLocationTest" class="haidaraliappium.GetGeoLocationTest"/>
        <method signature="GetGeoLocationTest.getGeoLocationTest()[pri:0, instance:haidaraliappium.GetGeoLocationTest@459e9125]" name="getGeoLocationTest" class="haidaraliappium.GetGeoLocationTest"/>
        <method signature="LogoutTest.logoutTestCase()[pri:0, instance:haidaraliappium.LogoutTest@128d2484]" name="logoutTestCase" class="haidaraliappium.LogoutTest"/>
      </group> <!-- smoke -->
      <group name="sanity">
        <method signature="LogoutTest.logoutTestCase()[pri:0, instance:haidaraliappium.LogoutTest@128d2484]" name="logoutTestCase" class="haidaraliappium.LogoutTest"/>
      </group> <!-- sanity -->
    </groups>
    <test started-at="2025-06-30T17:07:47 IST" name="Device1" finished-at="2025-06-30T17:08:30 IST" duration-ms="42468">
      <class name="haidaraliappium.GetGeoLocationTest">
        <test-method is-config="true" signature="setUp(java.lang.String,java.lang.String,java.lang.String,java.lang.String)[pri:0, instance:haidaraliappium.GetGeoLocationTest@79e2c065]" started-at="2025-06-30T17:07:47 IST" name="setUp" finished-at="2025-06-30T17:08:16 IST" duration-ms="28799" status="PASS">
          <params>
            <param index="0">
              <value>
                <![CDATA[emulator-5554]]>
              </value>
            </param>
            <param index="1">
              <value>
                <![CDATA[4725]]>
              </value>
            </param>
            <param index="2">
              <value>
                <![CDATA[Practice-Emulator]]>
              </value>
            </param>
            <param index="3">
              <value>
                <![CDATA[8081]]>
              </value>
            </param>
          </params>
          <reporter-output>
          </reporter-output>
        </test-method> <!-- setUp -->
        <test-method signature="getGeoLocationTest()[pri:0, instance:haidaraliappium.GetGeoLocationTest@79e2c065]" started-at="2025-06-30T17:08:16 IST" name="getGeoLocationTest" description="this is get geo location test" finished-at="2025-06-30T17:08:28 IST" duration-ms="11957" status="PASS">
          <reporter-output>
          </reporter-output>
        </test-method> <!-- getGeoLocationTest -->
        <test-method is-config="true" signature="tearDown()[pri:0, instance:haidaraliappium.GetGeoLocationTest@79e2c065]" started-at="2025-06-30T17:08:28 IST" name="tearDown" finished-at="2025-06-30T17:08:30 IST" duration-ms="1634" status="PASS">
          <reporter-output>
          </reporter-output>
        </test-method> <!-- tearDown -->
      </class> <!-- haidaraliappium.GetGeoLocationTest -->
    </test> <!-- Device1 -->
    <test started-at="2025-06-30T17:07:47 IST" name="Device2" finished-at="2025-06-30T17:08:41 IST" duration-ms="53775">
      <class name="haidaraliappium.StartAppiumServer">
        <test-method is-config="true" signature="startServer()[pri:0, instance:haidaraliappium.StartAppiumServer@5c6648b0]" started-at="2025-06-30T17:07:35 IST" name="startServer" finished-at="2025-06-30T17:07:47 IST" duration-ms="11957" status="PASS">
          <reporter-output>
          </reporter-output>
        </test-method> <!-- startServer -->
        <test-method is-config="true" signature="stopServer()[pri:0, instance:haidaraliappium.StartAppiumServer@5c6648b0]" started-at="2025-06-30T17:08:41 IST" name="stopServer" finished-at="2025-06-30T17:08:41 IST" duration-ms="17" status="PASS">
          <reporter-output>
          </reporter-output>
        </test-method> <!-- stopServer -->
      </class> <!-- haidaraliappium.StartAppiumServer -->
      <class name="haidaraliappium.LogoutTest">
        <test-method is-config="true" signature="setUp(java.lang.String,java.lang.String,java.lang.String,java.lang.String)[pri:0, instance:haidaraliappium.LogoutTest@128d2484]" started-at="2025-06-30T17:08:18 IST" name="setUp" finished-at="2025-06-30T17:08:35 IST" duration-ms="16336" status="PASS">
          <params>
            <param index="0">
              <value>
                <![CDATA[emulator-5556]]>
              </value>
            </param>
            <param index="1">
              <value>
                <![CDATA[4725]]>
              </value>
            </param>
            <param index="2">
              <value>
                <![CDATA[Second-Emulator]]>
              </value>
            </param>
            <param index="3">
              <value>
                <![CDATA[8082]]>
              </value>
            </param>
          </params>
          <reporter-output>
          </reporter-output>
        </test-method> <!-- setUp -->
        <test-method signature="logoutTestCase()[pri:0, instance:haidaraliappium.LogoutTest@128d2484]" started-at="2025-06-30T17:08:35 IST" name="logoutTestCase" description="this is log out test" finished-at="2025-06-30T17:08:40 IST" duration-ms="5839" status="PASS">
          <reporter-output>
          </reporter-output>
        </test-method> <!-- logoutTestCase -->
        <test-method is-config="true" signature="tearDown()[pri:0, instance:haidaraliappium.LogoutTest@128d2484]" started-at="2025-06-30T17:08:40 IST" name="tearDown" finished-at="2025-06-30T17:08:41 IST" duration-ms="597" status="PASS">
          <reporter-output>
          </reporter-output>
        </test-method> <!-- tearDown -->
      </class> <!-- haidaraliappium.LogoutTest -->
      <class name="haidaraliappium.GetGeoLocationTest">
        <test-method is-config="true" signature="setUp(java.lang.String,java.lang.String,java.lang.String,java.lang.String)[pri:0, instance:haidaraliappium.GetGeoLocationTest@459e9125]" started-at="2025-06-30T17:07:47 IST" name="setUp" finished-at="2025-06-30T17:08:06 IST" duration-ms="19136" status="PASS">
          <params>
            <param index="0">
              <value>
                <![CDATA[emulator-5556]]>
              </value>
            </param>
            <param index="1">
              <value>
                <![CDATA[4725]]>
              </value>
            </param>
            <param index="2">
              <value>
                <![CDATA[Second-Emulator]]>
              </value>
            </param>
            <param index="3">
              <value>
                <![CDATA[8082]]>
              </value>
            </param>
          </params>
          <reporter-output>
          </reporter-output>
        </test-method> <!-- setUp -->
        <test-method signature="getGeoLocationTest()[pri:0, instance:haidaraliappium.GetGeoLocationTest@459e9125]" started-at="2025-06-30T17:08:06 IST" name="getGeoLocationTest" description="this is get geo location test" finished-at="2025-06-30T17:08:17 IST" duration-ms="10838" status="PASS">
          <reporter-output>
          </reporter-output>
        </test-method> <!-- getGeoLocationTest -->
        <test-method is-config="true" signature="tearDown()[pri:0, instance:haidaraliappium.GetGeoLocationTest@459e9125]" started-at="2025-06-30T17:08:17 IST" name="tearDown" finished-at="2025-06-30T17:08:18 IST" duration-ms="933" status="PASS">
          <reporter-output>
          </reporter-output>
        </test-method> <!-- tearDown -->
      </class> <!-- haidaraliappium.GetGeoLocationTest -->
    </test> <!-- Device2 -->
  </suite> <!-- Parallel Appium Tests -->
</testng-results>
