<?xml version="1.0" encoding="UTF-8"?>
<testng-results ignored="0" total="6" passed="6" failed="0" skipped="0">
  <reporter-output>
  </reporter-output>
  <suite started-at="2025-06-28T16:59:42 IST" name="Parallel Appium Tests" finished-at="2025-06-28T17:01:12 IST" duration-ms="89629">
    <groups>
    </groups>
    <test started-at="2025-06-28T16:59:42 IST" name="Device2" finished-at="2025-06-28T17:00:38 IST" duration-ms="56363">
      <class name="haidaraliappium.StartAppiumServer">
        <test-method is-config="true" signature="startServer()[pri:0, instance:haidaraliappium.StartAppiumServer@3eb738bb]" started-at="2025-06-28T16:59:38 IST" name="startServer" finished-at="2025-06-28T16:59:42 IST" duration-ms="3945" status="PASS">
          <reporter-output>
          </reporter-output>
        </test-method> <!-- startServer -->
        <test-method is-config="true" signature="stopServer()[pri:0, instance:haidaraliappium.StartAppiumServer@3eb738bb]" started-at="2025-06-28T17:01:12 IST" name="stopServer" finished-at="2025-06-28T17:01:12 IST" duration-ms="9" status="PASS">
          <reporter-output>
          </reporter-output>
        </test-method> <!-- stopServer -->
      </class> <!-- haidaraliappium.StartAppiumServer -->
      <class name="haidaraliappium.GetGeoLocationTest">
        <test-method is-config="true" signature="setUp(java.lang.String,java.lang.String,java.lang.String,java.lang.String)[pri:0, instance:haidaraliappium.GetGeoLocationTest@7530ad9c]" started-at="2025-06-28T16:59:57 IST" name="setUp" finished-at="2025-06-28T17:00:06 IST" duration-ms="8500" status="PASS">
          <params>
            <param index="0">
              <value>
                <![CDATA[emulator-5556]]>
              </value>
            </param>
            <param index="1">
              <value>
                <![CDATA[4725]]>
              </value>
            </param>
            <param index="2">
              <value>
                <![CDATA[Second-Emulator]]>
              </value>
            </param>
            <param index="3">
              <value>
                <![CDATA[8082]]>
              </value>
            </param>
          </params>
          <reporter-output>
          </reporter-output>
        </test-method> <!-- setUp -->
        <test-method signature="getGeoLocationTest()[pri:0, instance:haidaraliappium.GetGeoLocationTest@7530ad9c]" started-at="2025-06-28T17:00:06 IST" name="getGeoLocationTest" description="this is get geo location test" finished-at="2025-06-28T17:00:15 IST" duration-ms="9590" status="PASS">
          <reporter-output>
          </reporter-output>
        </test-method> <!-- getGeoLocationTest -->
        <test-method is-config="true" signature="tearDown()[pri:0, instance:haidaraliappium.GetGeoLocationTest@7530ad9c]" started-at="2025-06-28T17:00:15 IST" name="tearDown" finished-at="2025-06-28T17:00:16 IST" duration-ms="442" status="PASS">
          <reporter-output>
          </reporter-output>
        </test-method> <!-- tearDown -->
      </class> <!-- haidaraliappium.GetGeoLocationTest -->
      <class name="haidaraliappium.LoginTest">
        <test-method is-config="true" signature="setUp(java.lang.String,java.lang.String,java.lang.String,java.lang.String)[pri:0, instance:haidaraliappium.LoginTest@4e50c791]" started-at="2025-06-28T16:59:42 IST" name="setUp" finished-at="2025-06-28T16:59:51 IST" duration-ms="8989" status="PASS">
          <params>
            <param index="0">
              <value>
                <![CDATA[emulator-5556]]>
              </value>
            </param>
            <param index="1">
              <value>
                <![CDATA[4725]]>
              </value>
            </param>
            <param index="2">
              <value>
                <![CDATA[Second-Emulator]]>
              </value>
            </param>
            <param index="3">
              <value>
                <![CDATA[8082]]>
              </value>
            </param>
          </params>
          <reporter-output>
          </reporter-output>
        </test-method> <!-- setUp -->
        <test-method signature="loginTestCase()[pri:0, instance:haidaraliappium.LoginTest@4e50c791]" started-at="2025-06-28T16:59:51 IST" name="loginTestCase" description="this is login test" finished-at="2025-06-28T16:59:57 IST" duration-ms="5697" status="PASS">
          <reporter-output>
          </reporter-output>
        </test-method> <!-- loginTestCase -->
        <test-method is-config="true" signature="tearDown()[pri:0, instance:haidaraliappium.LoginTest@4e50c791]" started-at="2025-06-28T16:59:57 IST" name="tearDown" finished-at="2025-06-28T16:59:57 IST" duration-ms="387" status="PASS">
          <reporter-output>
          </reporter-output>
        </test-method> <!-- tearDown -->
      </class> <!-- haidaraliappium.LoginTest -->
      <class name="haidaraliappium.LoginOutTest">
        <test-method is-config="true" signature="setUp(java.lang.String,java.lang.String,java.lang.String,java.lang.String)[pri:0, instance:haidaraliappium.LoginOutTest@58a9760d]" started-at="2025-06-28T17:00:16 IST" name="setUp" finished-at="2025-06-28T17:00:28 IST" duration-ms="12129" status="PASS">
          <params>
            <param index="0">
              <value>
                <![CDATA[emulator-5556]]>
              </value>
            </param>
            <param index="1">
              <value>
                <![CDATA[4725]]>
              </value>
            </param>
            <param index="2">
              <value>
                <![CDATA[Second-Emulator]]>
              </value>
            </param>
            <param index="3">
              <value>
                <![CDATA[8082]]>
              </value>
            </param>
          </params>
          <reporter-output>
          </reporter-output>
        </test-method> <!-- setUp -->
        <test-method signature="logoutTestCase()[pri:0, instance:haidaraliappium.LoginOutTest@58a9760d]" started-at="2025-06-28T17:00:28 IST" name="logoutTestCase" description="this is log out test" finished-at="2025-06-28T17:00:38 IST" duration-ms="9831" status="PASS">
          <reporter-output>
          </reporter-output>
        </test-method> <!-- logoutTestCase -->
        <test-method is-config="true" signature="tearDown()[pri:0, instance:haidaraliappium.LoginOutTest@58a9760d]" started-at="2025-06-28T17:00:38 IST" name="tearDown" finished-at="2025-06-28T17:00:38 IST" duration-ms="762" status="PASS">
          <reporter-output>
          </reporter-output>
        </test-method> <!-- tearDown -->
      </class> <!-- haidaraliappium.LoginOutTest -->
    </test> <!-- Device2 -->
    <test started-at="2025-06-28T16:59:42 IST" name="Device1" finished-at="2025-06-28T17:01:12 IST" duration-ms="89629">
      <class name="haidaraliappium.GetGeoLocationTest">
        <test-method is-config="true" signature="setUp(java.lang.String,java.lang.String,java.lang.String,java.lang.String)[pri:0, instance:haidaraliappium.GetGeoLocationTest@74e52ef6]" started-at="2025-06-28T16:59:58 IST" name="setUp" finished-at="2025-06-28T17:00:06 IST" duration-ms="7984" status="PASS">
          <params>
            <param index="0">
              <value>
                <![CDATA[emulator-5554]]>
              </value>
            </param>
            <param index="1">
              <value>
                <![CDATA[4723]]>
              </value>
            </param>
            <param index="2">
              <value>
                <![CDATA[Practice-Emulator]]>
              </value>
            </param>
            <param index="3">
              <value>
                <![CDATA[8081]]>
              </value>
            </param>
          </params>
          <reporter-output>
          </reporter-output>
        </test-method> <!-- setUp -->
        <test-method signature="getGeoLocationTest()[pri:0, instance:haidaraliappium.GetGeoLocationTest@74e52ef6]" started-at="2025-06-28T17:00:06 IST" name="getGeoLocationTest" description="this is get geo location test" finished-at="2025-06-28T17:00:16 IST" duration-ms="9876" status="PASS">
          <reporter-output>
          </reporter-output>
        </test-method> <!-- getGeoLocationTest -->
        <test-method is-config="true" signature="tearDown()[pri:0, instance:haidaraliappium.GetGeoLocationTest@74e52ef6]" started-at="2025-06-28T17:00:16 IST" name="tearDown" finished-at="2025-06-28T17:00:17 IST" duration-ms="1021" status="PASS">
          <reporter-output>
          </reporter-output>
        </test-method> <!-- tearDown -->
      </class> <!-- haidaraliappium.GetGeoLocationTest -->
      <class name="haidaraliappium.LoginTest">
        <test-method is-config="true" signature="setUp(java.lang.String,java.lang.String,java.lang.String,java.lang.String)[pri:0, instance:haidaraliappium.LoginTest@62ddbd7e]" started-at="2025-06-28T16:59:42 IST" name="setUp" finished-at="2025-06-28T16:59:51 IST" duration-ms="9341" status="PASS">
          <params>
            <param index="0">
              <value>
                <![CDATA[emulator-5554]]>
              </value>
            </param>
            <param index="1">
              <value>
                <![CDATA[4723]]>
              </value>
            </param>
            <param index="2">
              <value>
                <![CDATA[Practice-Emulator]]>
              </value>
            </param>
            <param index="3">
              <value>
                <![CDATA[8081]]>
              </value>
            </param>
          </params>
          <reporter-output>
          </reporter-output>
        </test-method> <!-- setUp -->
        <test-method signature="loginTestCase()[pri:0, instance:haidaraliappium.LoginTest@62ddbd7e]" started-at="2025-06-28T16:59:51 IST" name="loginTestCase" description="this is login test" finished-at="2025-06-28T16:59:57 IST" duration-ms="6114" status="PASS">
          <reporter-output>
          </reporter-output>
        </test-method> <!-- loginTestCase -->
        <test-method is-config="true" signature="tearDown()[pri:0, instance:haidaraliappium.LoginTest@62ddbd7e]" started-at="2025-06-28T16:59:57 IST" name="tearDown" finished-at="2025-06-28T16:59:58 IST" duration-ms="775" status="PASS">
          <reporter-output>
          </reporter-output>
        </test-method> <!-- tearDown -->
      </class> <!-- haidaraliappium.LoginTest -->
      <class name="haidaraliappium.AddProductIntoCart">
        <test-method is-config="true" signature="setUp(java.lang.String,java.lang.String,java.lang.String,java.lang.String)[pri:0, instance:haidaraliappium.AddProductIntoCart@3bf7ca37]" started-at="2025-06-28T17:00:17 IST" name="setUp" finished-at="2025-06-28T17:00:31 IST" duration-ms="13506" status="PASS">
          <params>
            <param index="0">
              <value>
                <![CDATA[emulator-5554]]>
              </value>
            </param>
            <param index="1">
              <value>
                <![CDATA[4723]]>
              </value>
            </param>
            <param index="2">
              <value>
                <![CDATA[Practice-Emulator]]>
              </value>
            </param>
            <param index="3">
              <value>
                <![CDATA[8081]]>
              </value>
            </param>
          </params>
          <reporter-output>
          </reporter-output>
        </test-method> <!-- setUp -->
        <test-method signature="addProductTest()[pri:0, instance:haidaraliappium.AddProductIntoCart@3bf7ca37]" started-at="2025-06-28T17:00:31 IST" name="addProductTest" finished-at="2025-06-28T17:01:11 IST" duration-ms="40659" status="PASS">
          <reporter-output>
          </reporter-output>
        </test-method> <!-- addProductTest -->
        <test-method is-config="true" signature="tearDown()[pri:0, instance:haidaraliappium.AddProductIntoCart@3bf7ca37]" started-at="2025-06-28T17:01:11 IST" name="tearDown" finished-at="2025-06-28T17:01:12 IST" duration-ms="322" status="PASS">
          <reporter-output>
          </reporter-output>
        </test-method> <!-- tearDown -->
      </class> <!-- haidaraliappium.AddProductIntoCart -->
    </test> <!-- Device1 -->
  </suite> <!-- Parallel Appium Tests -->
</testng-results>
